<?xml version="1.0" encoding="UTF-8"?>
<!-- Generated by org.testng.reporters.JUnitReportReporter -->
<testsuite skipped="0" hostname="LAPTOP-TOSPREI7" name="sanity.GrafanaLogin" tests="6" failures="0" timestamp="2022-04-02T22:52:31 IDT" time="17.664" errors="0">
  <testcase name="Test03_displyPassNote" time="0.507" classname="sanity.GrafanaLogin"/>
  <system-out/>
  <testcase name="Test04_displyForgotLink" time="0.802" classname="sanity.GrafanaLogin"/>
  <system-out/>
  <testcase name="Test05_VerifyEnabledButton" time="0.758" classname="sanity.GrafanaLogin"/>
  <system-out/>
  <testcase name="Test06_verifyHeader" time="11.572" classname="sanity.GrafanaLogin"/>
  <system-out/>
  <testcase name="Test01_displyTitleLogin" time="3.387" classname="sanity.GrafanaLogin"/>
  <system-out/>
  <testcase name="Test02_displyEmailNote" time="0.638" classname="sanity.GrafanaLogin"/>
  <system-out/>
</testsuite> <!-- sanity.GrafanaLogin -->
