<?xml version="1.0" encoding="UTF-8"?>
<!-- Generated by org.testng.reporters.JUnitReportReporter -->
<testsuite skipped="0" hostname="LAPTOP-TOSPREI7" name="sanity.GrafanaMainPage" tests="1" failures="0" timestamp="2022-04-02T22:52:31 IDT" time="11.765" errors="0">
  <testcase name="Test01_verifyToolBar" time="11.765" classname="sanity.GrafanaMainPage"/>
  <system-out/>
</testsuite> <!-- sanity.GrafanaMainPage -->
